<?xml version="1.0" encoding="UTF-8"?>
<!-- Generated by org.testng.reporters.JUnitXMLReporter -->
<testsuite ignored="0" hostname="Sahadevs-MBP.lan" failures="0" tests="3" name="Default test" time="15.026" errors="0" timestamp="2022-12-20T15:58:03 EST">
  <testcase classname="testcases.TestOne" name="CountItems" time="1.006"/>
  <testcase classname="testcases.TestOne" name="GetTile" time="0.836"/>
  <testcase classname="testcases.TestOne" name="Login" time="1.211"/>
</testsuite> <!-- Default test -->
