<?xml version="1.0" encoding="UTF-8"?>
<testng-results ignored="0" total="3" passed="3" failed="0" skipped="0">
  <reporter-output>
  </reporter-output>
  <suite started-at="2022-12-20T15:57:48 EST" name="Default suite" finished-at="2022-12-20T15:58:03 EST" duration-ms="15026">
    <groups>
    </groups>
    <test started-at="2022-12-20T15:57:48 EST" name="Default test" finished-at="2022-12-20T15:58:03 EST" duration-ms="15026">
      <class name="testcases.TestOne">
        <test-method is-config="true" signature="setup()[pri:0, instance:testcases.TestOne@50b472aa]" started-at="2022-12-20T15:57:48 EST" name="setup" finished-at="2022-12-20T15:57:53 EST" duration-ms="5487" status="PASS">
          <reporter-output>
          </reporter-output>
        </test-method> <!-- setup -->
        <test-method signature="CountItems()[pri:0, instance:testcases.TestOne@50b472aa]" started-at="2022-12-20T15:57:53 EST" name="CountItems" finished-at="2022-12-20T15:57:54 EST" duration-ms="1006" status="PASS">
          <reporter-output>
          </reporter-output>
        </test-method> <!-- CountItems -->
        <test-method is-config="true" signature="TearDown()[pri:0, instance:testcases.TestOne@50b472aa]" started-at="2022-12-20T15:57:54 EST" name="TearDown" finished-at="2022-12-20T15:57:54 EST" duration-ms="229" status="PASS">
          <reporter-output>
          </reporter-output>
        </test-method> <!-- TearDown -->
        <test-method is-config="true" signature="setup()[pri:0, instance:testcases.TestOne@50b472aa]" started-at="2022-12-20T15:57:54 EST" name="setup" finished-at="2022-12-20T15:57:57 EST" duration-ms="2813" status="PASS">
          <reporter-output>
          </reporter-output>
        </test-method> <!-- setup -->
        <test-method signature="GetTile()[pri:0, instance:testcases.TestOne@50b472aa]" started-at="2022-12-20T15:57:57 EST" name="GetTile" finished-at="2022-12-20T15:57:58 EST" duration-ms="836" status="PASS">
          <reporter-output>
          </reporter-output>
        </test-method> <!-- GetTile -->
        <test-method is-config="true" signature="TearDown()[pri:0, instance:testcases.TestOne@50b472aa]" started-at="2022-12-20T15:57:58 EST" name="TearDown" finished-at="2022-12-20T15:57:58 EST" duration-ms="208" status="PASS">
          <reporter-output>
          </reporter-output>
        </test-method> <!-- TearDown -->
        <test-method is-config="true" signature="setup()[pri:0, instance:testcases.TestOne@50b472aa]" started-at="2022-12-20T15:57:58 EST" name="setup" finished-at="2022-12-20T15:58:01 EST" duration-ms="2813" status="PASS">
          <reporter-output>
          </reporter-output>
        </test-method> <!-- setup -->
        <test-method signature="Login()[pri:0, instance:testcases.TestOne@50b472aa]" started-at="2022-12-20T15:58:01 EST" name="Login" finished-at="2022-12-20T15:58:02 EST" duration-ms="1211" status="PASS">
          <reporter-output>
          </reporter-output>
        </test-method> <!-- Login -->
        <test-method is-config="true" signature="TearDown()[pri:0, instance:testcases.TestOne@50b472aa]" started-at="2022-12-20T15:58:02 EST" name="TearDown" finished-at="2022-12-20T15:58:03 EST" duration-ms="342" status="PASS">
          <reporter-output>
          </reporter-output>
        </test-method> <!-- TearDown -->
      </class> <!-- testcases.TestOne -->
    </test> <!-- Default test -->
  </suite> <!-- Default suite -->
</testng-results>
